SF:lib\main.dart
DA:6,0
DA:7,0
DA:11,2
DA:13,1
DA:15,1
DA:18,1
DA:20,2
LF:7
LH:5
end_of_record
SF:lib\blocs\client_bloc.dart
DA:18,3
DA:21,1
DA:22,1
DA:23,4
DA:26,1
DA:27,0
DA:28,0
DA:31,1
DA:32,0
DA:33,0
LF:10
LH:6
end_of_record
SF:lib\blocs\client_events.dart
DA:10,0
DA:18,0
LF:2
LH:0
end_of_record
SF:lib\repositories\clients_repository.dart
DA:6,1
DA:7,3
DA:8,1
DA:9,1
DA:10,1
DA:11,1
DA:14,1
DA:17,0
DA:18,0
DA:19,0
DA:22,0
DA:23,0
DA:24,0
LF:13
LH:7
end_of_record
SF:lib\blocs\client_state.dart
DA:6,1
DA:12,3
DA:16,2
LF:3
LH:3
end_of_record
SF:lib\models\client.dart
DA:5,1
LF:1
LH:1
end_of_record
SF:lib\pages\clients_page.dart
DA:11,1
DA:13,1
DA:14,1
DA:22,1
DA:24,1
DA:25,2
DA:26,3
DA:29,0
DA:31,0
DA:32,0
DA:35,0
DA:36,0
DA:37,0
DA:43,0
DA:46,1
DA:48,1
DA:49,1
DA:51,1
DA:52,1
DA:54,0
DA:55,0
DA:60,1
DA:62,1
DA:63,1
DA:64,1
DA:65,1
DA:69,0
DA:70,0
DA:71,0
DA:72,0
DA:73,0
DA:74,0
DA:75,0
DA:76,0
DA:77,0
DA:80,0
DA:81,0
DA:83,0
DA:84,0
DA:88,0
DA:91,0
LF:41
LH:17
end_of_record
